<?xml version="1.0" encoding="UTF-8"?>
<testsuite xmlns:xsi="http://www.w3.org/2001/XMLSchema-instance" xsi:noNamespaceSchemaLocation="https://maven.apache.org/surefire/maven-surefire-plugin/xsd/surefire-test-report-3.0.xsd" version="3.0" name="com.izaanschool.IzaanSchoolAPITest" time="5.786" tests="1" errors="0" skipped="0" failures="0">
  <properties>
[...]
</properties>
  <testcase name="submitStatusTest on submitStatusTest(com.izaanschool.IzaanSchoolAPITest)" classname="com.izaanschool.IzaanSchoolAPITest" time="4.97">
    <system-out><![CDATA[test ran -You are Minor.
]]></system-out>
  </testcase>
</testsuite>