<?xml version="1.0" encoding="UTF-8"?>
<testng-results skipped="0" failed="0" ignored="0" total="1" passed="1">
  <reporter-output>
  </reporter-output>
  <suite name="Command line suite" duration-ms="5657" started-at="2023-06-17T00:32:00 CDT" finished-at="2023-06-17T00:32:06 CDT">
    <groups>
    </groups>
    <test name="Command line test" duration-ms="5657" started-at="2023-06-17T00:32:00 CDT" finished-at="2023-06-17T00:32:06 CDT">
      <class name="handler.DummyAPITest">
        <test-method status="PASS" signature="testAddPlaceGoogleApi()[pri:0, instance:handler.DummyAPITest@b97c004]" name="testAddPlaceGoogleApi" duration-ms="5587" started-at="2023-06-17T00:32:00 CDT" finished-at="2023-06-17T00:32:06 CDT">
          <reporter-output>
          </reporter-output>
        </test-method> <!-- testAddPlaceGoogleApi -->
      </class> <!-- handler.DummyAPITest -->
    </test> <!-- Command line test -->
  </suite> <!-- Command line suite -->
</testng-results>
